<?xml version="1.0" encoding="UTF-8"?>
<!-- Generated by org.testng.reporters.JUnitReportReporter -->
<testsuite hostname="LAPTOP-69PVCUGI" name="com.qa.test.GetMoreChractersTest" tests="1" failures="0" timestamp="26 Jun 2019 21:32:46 GMT" time="12.585" errors="0">
  <testcase name="paymentViaCard" time="12.585" classname="com.qa.test.GetMoreChractersTest"/>
</testsuite> <!-- com.qa.test.GetMoreChractersTest -->
