<?xml version="1.0" encoding="UTF-8"?>
<!-- Generated by org.testng.reporters.JUnitReportReporter -->
<testsuite hostname="LAPTOP-69PVCUGI" name="com.qa.test.MainPage_Test" tests="1" failures="0" timestamp="26 Jun 2019 21:32:46 GMT" time="7.180" errors="0">
  <testcase name="verifyPageTitle" time="7.180" classname="com.qa.test.MainPage_Test"/>
</testsuite> <!-- com.qa.test.MainPage_Test -->
