<?xml version="1.0" encoding="UTF-8"?>
<!-- Generated by org.testng.reporters.JUnitReportReporter -->
<testsuite hostname="LAPTOP-69PVCUGI" name="com.qa.test.UsersHomePageTest" tests="1" failures="0" timestamp="27 Jun 2019 03:29:49 GMT" time="16.155" errors="0">
  <testcase name="verifySubmitText" time="16.155" classname="com.qa.test.UsersHomePageTest"/>
</testsuite> <!-- com.qa.test.UsersHomePageTest -->
