<?xml version="1.0" encoding="UTF-8"?>
<!-- Generated by org.testng.reporters.JUnitReportReporter -->
<testsuite hostname="LAPTOP-69PVCUGI" name="com.qa.test.SignInPageTest" tests="2" failures="0" timestamp="26 Jun 2019 21:32:46 GMT" time="14.165" errors="0">
  <testcase name="login" time="7.922" classname="com.qa.test.SignInPageTest"/>
  <testcase name="verifyTitle" time="6.243" classname="com.qa.test.SignInPageTest"/>
</testsuite> <!-- com.qa.test.SignInPageTest -->
