<?xml version="1.0" encoding="UTF-8"?>
<!-- Generated by org.testng.reporters.JUnitReportReporter -->
<testsuite hostname="LAPTOP-69PVCUGI" name="com.qa.test.SignUpPageTest" tests="3" failures="0" timestamp="26 Jun 2019 21:32:46 GMT" time="19.632" errors="0">
  <testcase name="verifyTitle" time="5.824" classname="com.qa.test.SignUpPageTest"/>
  <testcase name="registrationWithEmail" time="6.604" classname="com.qa.test.SignUpPageTest"/>
  <testcase name="registrationWithEmail2" time="7.204" classname="com.qa.test.SignUpPageTest"/>
</testsuite> <!-- com.qa.test.SignUpPageTest -->
